
> modern-blog@1.0.0 predeploy
> npm run build


> modern-blog@1.0.0 build
> tsc && vite build

[36mvite v7.2.7 [32mbuilding client environment for production...[36m[39m
transforming...
[32mç¬¨ãƒ»[39m 3715 modules transformed.
node_modules/gray-matter/lib/engines.js (43:13): Use of eval in "node_modules/gray-matter/lib/engines.js" is strongly discouraged as it poses security risks and may cause issues with minification.
rendering chunks...
computing gzip size...
[2mdist/[22m[32mindex.html                                           [39m[1m[2m    0.46 kB[22m[1m[22m[2m ç¬ãƒ»gzip:   0.29 kB[22m
[2mdist/[22m[35massets/index-DzBLAiaY.css                            [39m[1m[2m   12.76 kB[22m[1m[22m[2m ç¬ãƒ»gzip:   3.09 kB[22m
[2mdist/[22m[36massets/clone-DfYzh8ME.js                             [39m[1m[2m    0.10 kB[22m[1m[22m[2m ç¬ãƒ»gzip:   0.11 kB[22m
[2mdist/[22m[36massets/channel-tDHR9Xv0.js                           [39m[1m[2m    0.11 kB[22m[1m[22m[2m ç¬ãƒ»gzip:   0.12 kB[22m
[2mdist/[22m[36massets/init-Gi6I4Gst.js                              [39m[1m[2m    0.15 kB[22m[1m[22m[2m ç¬ãƒ»gzip:   0.13 kB[22m
[2mdist/[22m[36massets/chunk-QZHKN3VN-CAgK3kbQ.js                    [39m[1m[2m    0.19 kB[22m[1m[22m[2m ç¬ãƒ»gzip:   0.16 kB[22m
[2mdist/[22m[36massets/chunk-4BX2VUAB-ze_zsoTC.js                    [39m[1m[2m    0.22 kB[22m[1m[22m[2m ç¬ãƒ»gzip:   0.17 kB[22m
[2mdist/[22m[36massets/chunk-55IACEB6-B5QAr8xo.js                    [39m[1m[2m    0.23 kB[22m[1m[22m[2m ç¬ãƒ»gzip:   0.21 kB[22m
[2mdist/[22m[36massets/stateDiagram-v2-4FDKWEC3-DIk-jLLm.js          [39m[1m[2m    0.36 kB[22m[1m[22m[2m ç¬ãƒ»gzip:   0.27 kB[22m
[2mdist/[22m[36massets/chunk-FMBD7UC4-BVuq-2YM.js                    [39m[1m[2m    0.36 kB[22m[1m[22m[2m ç¬ãƒ»gzip:   0.27 kB[22m
[2mdist/[22m[36massets/classDiagram-2ON5EDUG-pzA1pME2.js             [39m[1m[2m    0.40 kB[22m[1m[22m[2m ç¬ãƒ»gzip:   0.29 kB[22m
[2mdist/[22m[36massets/classDiagram-v2-WZHVMYZB-pzA1pME2.js          [39m[1m[2m    0.40 kB[22m[1m[22m[2m ç¬ãƒ»gzip:   0.29 kB[22m
[2mdist/[22m[36massets/chunk-QN33PNHL-yX2LFiuX.js                    [39m[1m[2m    0.50 kB[22m[1m[22m[2m ç¬ãƒ»gzip:   0.36 kB[22m
[2mdist/[22m[36massets/draft-post-CK3bzQCv.js                        [39m[1m[2m    0.62 kB[22m[1m[22m[2m ç¬ãƒ»gzip:   0.42 kB[22m
[2mdist/[22m[36massets/infoDiagram-HS3SLOUP-DR6qVU_U.js              [39m[1m[2m    0.66 kB[22m[1m[22m[2m ç¬ãƒ»gzip:   0.44 kB[22m
[2mdist/[22m[36massets/first-post-CDzsClsY.js                        [39m[1m[2m    0.79 kB[22m[1m[22m[2m ç¬ãƒ»gzip:   0.56 kB[22m
[2mdist/[22m[36massets/second-post-DfhWyX4o.js                       [39m[1m[2m    1.09 kB[22m[1m[22m[2m ç¬ãƒ»gzip:   0.72 kB[22m
[2mdist/[22m[36massets/ordinal-Cboi1Yqb.js                           [39m[1m[2m    1.19 kB[22m[1m[22m[2m ç¬ãƒ»gzip:   0.57 kB[22m
[2mdist/[22m[36massets/chunk-TZMSLE5B-BO4F9qe6.js                    [39m[1m[2m    1.43 kB[22m[1m[22m[2m ç¬ãƒ»gzip:   0.63 kB[22m
[2mdist/[22m[36massets/_basePickBy-CVgzWaSN.js                       [39m[1m[2m    2.58 kB[22m[1m[22m[2m ç¬ãƒ»gzip:   1.28 kB[22m
[2mdist/[22m[36massets/arc-CiQydpp8.js                               [39m[1m[2m    3.43 kB[22m[1m[22m[2m ç¬ãƒ»gzip:   1.48 kB[22m
[2mdist/[22m[36massets/diagram-S2PKOQOG-DWjlkFkl.js                  [39m[1m[2m    4.27 kB[22m[1m[22m[2m ç¬ãƒ»gzip:   1.86 kB[22m
[2mdist/[22m[36massets/chapter28-bootstrap-resampling--fd_mYmA.js    [39m[1m[2m    4.54 kB[22m[1m[22m[2m ç¬ãƒ»gzip:   2.21 kB[22m
[2mdist/[22m[36massets/chapter26-causal-inference-DhllxYVd.js        [39m[1m[2m    4.58 kB[22m[1m[22m[2m ç¬ãƒ»gzip:   2.46 kB[22m
[2mdist/[22m[36massets/chapter16-stochastic-processes-uTNKJC29.js    [39m[1m[2m    4.61 kB[22m[1m[22m[2m ç¬ãƒ»gzip:   2.40 kB[22m
[2mdist/[22m[36massets/defaultLocale-DX6XiGOO.js                     [39m[1m[2m    4.69 kB[22m[1m[22m[2m ç¬ãƒ»gzip:   2.18 kB[22m
[2mdist/[22m[36massets/chapter12-nonparametric-tests-gSfHIOPa.js     [39m[1m[2m    4.81 kB[22m[1m[22m[2m ç¬ãƒ»gzip:   2.24 kB[22m
[2mdist/[22m[36massets/chapter24-missing-data-DBobP2Ui.js            [39m[1m[2m    4.82 kB[22m[1m[22m[2m ç¬ãƒ»gzip:   2.53 kB[22m
[2mdist/[22m[36massets/chapter19-information-entropy-DpIsc_Za.js     [39m[1m[2m    4.83 kB[22m[1m[22m[2m ç¬ãƒ»gzip:   2.42 kB[22m
[2mdist/[22m[36massets/chapter11-glm-DYte6rKS.js                     [39m[1m[2m    4.84 kB[22m[1m[22m[2m ç¬ãƒ»gzip:   2.47 kB[22m
[2mdist/[22m[36massets/chapter25-robust-statistics-C6kbldrM.js       [39m[1m[2m    4.86 kB[22m[1m[22m[2m ç¬ãƒ»gzip:   2.53 kB[22m
[2mdist/[22m[36massets/chapter21-high-dimensional-data-CdAaywdG.js   [39m[1m[2m    4.89 kB[22m[1m[22m[2m ç¬ãƒ»gzip:   2.58 kB[22m
[2mdist/[22m[36massets/chapter7-regression-B7K9YPGX.js               [39m[1m[2m    4.98 kB[22m[1m[22m[2m ç¬ãƒ»gzip:   2.63 kB[22m
[2mdist/[22m[36massets/chapter22-sparse-modeling-CiySjWjw.js         [39m[1m[2m    5.05 kB[22m[1m[22m[2m ç¬ãƒ»gzip:   2.63 kB[22m
[2mdist/[22m[36massets/chapter23-mixture-models-f5d_ETBI.js          [39m[1m[2m    5.08 kB[22m[1m[22m[2m ç¬ãƒ»gzip:   2.56 kB[22m
[2mdist/[22m[36massets/chapter20-applied-statistics-DVWMOy1x.js      [39m[1m[2m    5.13 kB[22m[1m[22m[2m ç¬ãƒ»gzip:   2.61 kB[22m
[2mdist/[22m[36massets/chapter6-anova-DCFt-SJD.js                    [39m[1m[2m    5.14 kB[22m[1m[22m[2m ç¬ãƒ»gzip:   2.56 kB[22m
[2mdist/[22m[36massets/chapter15-timeseries-advanced-CHgMYdHO.js     [39m[1m[2m    5.17 kB[22m[1m[22m[2m ç¬ãƒ»gzip:   2.75 kB[22m
[2mdist/[22m[36massets/chapter18-quality-control-Cz1Bhu_R.js         [39m[1m[2m    5.17 kB[22m[1m[22m[2m ç¬ãƒ»gzip:   2.80 kB[22m
[2mdist/[22m[36massets/pieDiagram-ADFJNKIX-Dvw0bYEh.js               [39m[1m[2m    5.21 kB[22m[1m[22m[2m ç¬ãƒ»gzip:   2.31 kB[22m
[2mdist/[22m[36massets/chapter8-multivariate-basics-oApm1sGQ.js      [39m[1m[2m    5.29 kB[22m[1m[22m[2m ç¬ãƒ»gzip:   2.72 kB[22m
[2mdist/[22m[36massets/chapter29-model-diagnosis-CogpHpMc.js         [39m[1m[2m    5.29 kB[22m[1m[22m[2m ç¬ãƒ»gzip:   2.79 kB[22m
[2mdist/[22m[36massets/chapter9-timeseries-basics-yY_KqdjL.js        [39m[1m[2m    5.35 kB[22m[1m[22m[2m ç¬ãƒ»gzip:   2.67 kB[22m
[2mdist/[22m[36massets/chapter4-estimation-DhzwUT0r.js               [39m[1m[2m    5.37 kB[22m[1m[22m[2m ç¬ãƒ»gzip:   2.71 kB[22m
[2mdist/[22m[36massets/chapter2-distributions-M93w9TWo.js            [39m[1m[2m    5.46 kB[22m[1m[22m[2m ç¬ãƒ»gzip:   2.71 kB[22m
[2mdist/[22m[36massets/chapter27-hierarchical-bayes-EaDcg1p4.js      [39m[1m[2m    5.52 kB[22m[1m[22m[2m ç¬ãƒ»gzip:   2.78 kB[22m
[2mdist/[22m[36massets/chapter5-hypothesis-testing-Vw1xzG2T.js       [39m[1m[2m    5.54 kB[22m[1m[22m[2m ç¬ãƒ»gzip:   2.78 kB[22m
[2mdist/[22m[36massets/chapter14-experimental-design-DePA8dIL.js     [39m[1m[2m    5.54 kB[22m[1m[22m[2m ç¬ãƒ»gzip:   2.93 kB[22m
[2mdist/[22m[36massets/chapter30-ethics-reproducibility-5rLmLimC.js  [39m[1m[2m    5.56 kB[22m[1m[22m[2m ç¬ãƒ»gzip:   2.80 kB[22m
[2mdist/[22m[36massets/linear-vlKdIZQC.js                            [39m[1m[2m    5.65 kB[22m[1m[22m[2m ç¬ãƒ»gzip:   2.30 kB[22m
[2mdist/[22m[36massets/chapter10-statistical-modeling-CXr64c4e.js    [39m[1m[2m    5.71 kB[22m[1m[22m[2m ç¬ãƒ»gzip:   2.92 kB[22m
[2mdist/[22m[36massets/chapter13-bayesian-basics-dq-tJYGt.js         [39m[1m[2m    5.73 kB[22m[1m[22m[2m ç¬ãƒ»gzip:   2.93 kB[22m
[2mdist/[22m[36massets/diagram-QEK2KX5R-Or2V-hUt.js                  [39m[1m[2m    5.88 kB[22m[1m[22m[2m ç¬ãƒ»gzip:   2.48 kB[22m
[2mdist/[22m[36massets/chapter1-probability-basics-Dog5QH2E.js       [39m[1m[2m    5.90 kB[22m[1m[22m[2m ç¬ãƒ»gzip:   2.76 kB[22m
[2mdist/[22m[36massets/graph-B7czSs-T.js                             [39m[1m[2m    5.91 kB[22m[1m[22m[2m ç¬ãƒ»gzip:   1.87 kB[22m
[2mdist/[22m[36massets/chapter17-sampling-theory-j-CGmZn9.js         [39m[1m[2m    5.94 kB[22m[1m[22m[2m ç¬ãƒ»gzip:   2.89 kB[22m
[2mdist/[22m[36massets/chapter3-sampling-distributions-Dudhr_3T.js   [39m[1m[2m    5.95 kB[22m[1m[22m[2m ç¬ãƒ»gzip:   2.98 kB[22m
[2mdist/[22m[36massets/stateDiagram-FKZM4ZOC-BUqql_FV.js             [39m[1m[2m   10.35 kB[22m[1m[22m[2m ç¬ãƒ»gzip:   3.62 kB[22m
[2mdist/[22m[36massets/dagre-6UL2VRFP-72uk7wB6.js                    [39m[1m[2m   10.97 kB[22m[1m[22m[2m ç¬ãƒ»gzip:   4.08 kB[22m
[2mdist/[22m[36massets/_baseUniq-dL7WBlqW.js                         [39m[1m[2m   11.88 kB[22m[1m[22m[2m ç¬ãƒ»gzip:   4.65 kB[22m
[2mdist/[22m[36massets/diagram-PSM6KHXK-Dv7ukFDf.js                  [39m[1m[2m   15.84 kB[22m[1m[22m[2m ç¬ãƒ»gzip:   5.66 kB[22m
[2mdist/[22m[36massets/kanban-definition-3W4ZIXB7-D1JBf4hU.js        [39m[1m[2m   20.16 kB[22m[1m[22m[2m ç¬ãƒ»gzip:   7.15 kB[22m
[2mdist/[22m[36massets/mindmap-definition-VGOIOE7T-DqGYpGTH.js       [39m[1m[2m   20.87 kB[22m[1m[22m[2m ç¬ãƒ»gzip:   7.27 kB[22m
[2mdist/[22m[36massets/sankeyDiagram-TZEHDZUN-gP57X9JX.js            [39m[1m[2m   22.07 kB[22m[1m[22m[2m ç¬ãƒ»gzip:   8.12 kB[22m
[2mdist/[22m[36massets/journeyDiagram-XKPGCS4Q-DmxPqcur.js           [39m[1m[2m   23.51 kB[22m[1m[22m[2m ç¬ãƒ»gzip:   8.31 kB[22m
[2mdist/[22m[36massets/timeline-definition-IT6M3QCI-DmDKp-uW.js      [39m[1m[2m   23.55 kB[22m[1m[22m[2m ç¬ãƒ»gzip:   8.20 kB[22m
[2mdist/[22m[36massets/gitGraphDiagram-V2S2FVAM-g-5GZ0r7.js          [39m[1m[2m   24.10 kB[22m[1m[22m[2m ç¬ãƒ»gzip:   7.42 kB[22m
[2mdist/[22m[36massets/erDiagram-Q2GNP2WA-CpxRzqZd.js                [39m[1m[2m   25.21 kB[22m[1m[22m[2m ç¬ãƒ»gzip:   8.81 kB[22m
[2mdist/[22m[36massets/layout-B-rXV_wa.js                            [39m[1m[2m   27.38 kB[22m[1m[22m[2m ç¬ãƒ»gzip:   9.72 kB[22m
[2mdist/[22m[36massets/requirementDiagram-UZGBJVZJ-BRBW3skn.js       [39m[1m[2m   30.05 kB[22m[1m[22m[2m ç¬ãƒ»gzip:   9.40 kB[22m
[2mdist/[22m[36massets/quadrantDiagram-AYHSOK5B-DGH_dFDk.js          [39m[1m[2m   33.81 kB[22m[1m[22m[2m ç¬ãƒ»gzip:   9.93 kB[22m
[2mdist/[22m[36massets/chunk-DI55MBZ5-Ddc-USOt.js                    [39m[1m[2m   36.33 kB[22m[1m[22m[2m ç¬ãƒ»gzip:  11.84 kB[22m
[2mdist/[22m[36massets/xychartDiagram-PRI3JC2R-C0Z1r9cM.js           [39m[1m[2m   40.18 kB[22m[1m[22m[2m ç¬ãƒ»gzip:  11.43 kB[22m
[2mdist/[22m[36massets/chunk-B4BG7PRW-D0TNShje.js                    [39m[1m[2m   45.31 kB[22m[1m[22m[2m ç¬ãƒ»gzip:  14.70 kB[22m
[2mdist/[22m[36massets/flowDiagram-NV44I4VS-DXqS7B9S.js              [39m[1m[2m   60.42 kB[22m[1m[22m[2m ç¬ãƒ»gzip:  19.42 kB[22m
[2mdist/[22m[36massets/ganttDiagram-JELNMOA3-CPWAc0gg.js             [39m[1m[2m   68.27 kB[22m[1m[22m[2m ç¬ãƒ»gzip:  23.13 kB[22m
[2mdist/[22m[36massets/c4Diagram-YG6GDRKO-B1O4bKnw.js                [39m[1m[2m   70.10 kB[22m[1m[22m[2m ç¬ãƒ»gzip:  19.67 kB[22m
[2mdist/[22m[36massets/blockDiagram-VD42YOAC-CabUSQob.js             [39m[1m[2m   71.77 kB[22m[1m[22m[2m ç¬ãƒ»gzip:  20.48 kB[22m
[2mdist/[22m[36massets/cose-bilkent-S5V4N54A-ZPiR-XBs.js             [39m[1m[2m   81.66 kB[22m[1m[22m[2m ç¬ãƒ»gzip:  22.46 kB[22m
[2mdist/[22m[36massets/sequenceDiagram-WL72ISMW-CILdpl4n.js          [39m[1m[2m   97.77 kB[22m[1m[22m[2m ç¬ãƒ»gzip:  26.83 kB[22m
[2mdist/[22m[36massets/architectureDiagram-VXUJARFQ-B8GOPZ-7.js      [39m[1m[2m  148.60 kB[22m[1m[22m[2m ç¬ãƒ»gzip:  42.05 kB[22m
[2mdist/[22m[36massets/katex-DhXJpUyf.js                             [39m[1m[2m  265.42 kB[22m[1m[22m[2m ç¬ãƒ»gzip:  77.51 kB[22m
[2mdist/[22m[36massets/cytoscape.esm-BnkdMOzK.js                     [39m[1m[2m  441.74 kB[22m[1m[22m[2m ç¬ãƒ»gzip: 141.49 kB[22m
[2mdist/[22m[36massets/treemap-GDKQZRPO-L0frHvR1.js                  [39m[1m[2m  452.89 kB[22m[1m[22m[2m ç¬ãƒ»gzip: 107.20 kB[22m
[2mdist/[22m[36massets/index-BiKK8VGT.js                             [39m[1m[33m2,047.31 kB[39m[22m[2m ç¬ãƒ»gzip: 614.11 kB[22m

(!) Some chunks are larger than 500 kB after minification. Consider:
- Using dynamic import() to code-split the application
- Use build.rollupOptions.output.manualChunks to improve chunking: https://rollupjs.org/configuration-options/#output-manualchunks
- Adjust chunk size limit for this warning via build.chunkSizeWarningLimit.
[32mç¬¨ãƒ»built in 13.98s[39m

> modern-blog@1.0.0 deploy
> gh-pages -d dist

Error: spawn ENAMETOOLONG
    at ChildProcess.spawn (node:internal/child_process:420:11)
    at Object.spawn (node:child_process:786:9)
    at C:\Users\yarai\workspace\blog\modern-blog\node_modules\gh-pages\lib\git.js:30:22
    at new Promise (<anonymous>)
    at spawn (C:\Users\yarai\workspace\blog\modern-blog\node_modules\gh-pages\lib\git.js:29:10)
    at Git.exec (C:\Users\yarai\workspace\blog\modern-blog\node_modules\gh-pages\lib\git.js:69:10)
    at Git.rm (C:\Users\yarai\workspace\blog\modern-blog\node_modules\gh-pages\lib\git.js:146:15)
    at C:\Users\yarai\workspace\blog\modern-blog\node_modules\gh-pages\lib\index.js:188:22
    at process.processTicksAndRejections (node:internal/process/task_queues:105:5)
